<?xml version="1.0" encoding="UTF-8"?>
<testng-results ignored="0" total="1" passed="1" failed="0" skipped="0">
  <reporter-output>
  </reporter-output>
  <suite started-at="2024-07-05T10:19:51 IST" name="Default suite" finished-at="2024-07-05T10:19:57 IST" duration-ms="5742">
    <groups>
    </groups>
    <test started-at="2024-07-05T10:19:51 IST" name="Default test" finished-at="2024-07-05T10:19:57 IST" duration-ms="5742">
      <class name="testScipt.AddSubCategoryTest">
        <test-method is-config="true" signature="initializeBrowser()[pri:0, instance:testScipt.AddSubCategoryTest@41fbdac4]" started-at="2024-07-05T10:19:51 IST" name="initializeBrowser" finished-at="2024-07-05T10:19:55 IST" duration-ms="3636" status="PASS">
          <reporter-output>
          </reporter-output>
        </test-method> <!-- initializeBrowser -->
        <test-method signature="verifyUserIsAbleToAddSubcategory()[pri:0, instance:testScipt.AddSubCategoryTest@41fbdac4]" started-at="2024-07-05T10:19:55 IST" name="verifyUserIsAbleToAddSubcategory" finished-at="2024-07-05T10:19:57 IST" duration-ms="2056" status="PASS">
          <reporter-output>
          </reporter-output>
        </test-method> <!-- verifyUserIsAbleToAddSubcategory -->
        <test-method is-config="true" signature="driverQuitAndClose()[pri:0, instance:testScipt.AddSubCategoryTest@41fbdac4]" started-at="2024-07-05T10:19:57 IST" name="driverQuitAndClose" finished-at="2024-07-05T10:19:57 IST" duration-ms="0" status="PASS">
          <reporter-output>
          </reporter-output>
        </test-method> <!-- driverQuitAndClose -->
      </class> <!-- testScipt.AddSubCategoryTest -->
    </test> <!-- Default test -->
  </suite> <!-- Default suite -->
</testng-results>
