<?xml version="1.0" encoding="UTF-8"?>
<!-- Generated by org.testng.reporters.JUnitXMLReporter -->
<testsuite ignored="1" hostname="Midhun" failures="0" tests="1" name="Test" time="4.241" errors="0" timestamp="2024-07-31T15:34:46 IST">
  <testcase classname="testScipt.LoginTest" name="verifyTheUserIsAbleToLoginUsingValidCredentials" time="1.271"/>
  <testcase classname="testScipt.LoginTest" name="verifyUserLoginWithValidCredential" time="0.0">
    <ignored/>
  </testcase> <!-- verifyUserLoginWithValidCredential -->
</testsuite> <!-- Test -->
